

============================== 2023-09-15 20:37:22.956456 | 5da7ec82-1303-4e5e-9528-1fcda1dfe58e ==============================
[0m20:37:22.956456 [info ] [MainThread]: Running with dbt=1.4.7
[0m20:37:22.957555 [debug] [MainThread]: running dbt with arguments {'write_json': True, 'use_colors': True, 'printer_width': 80, 'version_check': True, 'partial_parse': True, 'static_parser': True, 'profiles_dir': '/home/italo/.dbt', 'send_anonymous_usage_stats': True, 'quiet': False, 'no_print': False, 'cache_selected_only': False, 'config_dir': False, 'which': 'debug', 'indirect_selection': 'eager'}
[0m20:37:22.957717 [debug] [MainThread]: Tracking: tracking
[0m20:37:22.958831 [debug] [MainThread]: Sending event: {'category': 'dbt', 'action': 'invocation', 'label': 'start', 'context': [<snowplow_tracker.self_describing_json.SelfDescribingJson object at 0x7f47d48936d0>, <snowplow_tracker.self_describing_json.SelfDescribingJson object at 0x7f47d4893f70>, <snowplow_tracker.self_describing_json.SelfDescribingJson object at 0x7f47d48935e0>]}
[0m20:37:22.965476 [info ] [MainThread]: Error importing adapter: No module named 'dbt.adapters.postgres'
[0m20:37:23.221802 [debug] [MainThread]: Executing "git --help"
[0m20:37:23.223358 [debug] [MainThread]: STDOUT: "b"usage: git [--version] [--help] [-C <path>] [-c <name>=<value>]\n           [--exec-path[=<path>]] [--html-path] [--man-path] [--info-path]\n           [-p | --paginate | -P | --no-pager] [--no-replace-objects] [--bare]\n           [--git-dir=<path>] [--work-tree=<path>] [--namespace=<name>]\n           [--super-prefix=<path>] [--config-env=<name>=<envvar>]\n           <command> [<args>]\n\nThese are common Git commands used in various situations:\n\nstart a working area (see also: git help tutorial)\n   clone     Clone a repository into a new directory\n   init      Create an empty Git repository or reinitialize an existing one\n\nwork on the current change (see also: git help everyday)\n   add       Add file contents to the index\n   mv        Move or rename a file, a directory, or a symlink\n   restore   Restore working tree files\n   rm        Remove files from the working tree and from the index\n\nexamine the history and state (see also: git help revisions)\n   bisect    Use binary search to find the commit that introduced a bug\n   diff      Show changes between commits, commit and working tree, etc\n   grep      Print lines matching a pattern\n   log       Show commit logs\n   show      Show various types of objects\n   status    Show the working tree status\n\ngrow, mark and tweak your common history\n   branch    List, create, or delete branches\n   commit    Record changes to the repository\n   merge     Join two or more development histories together\n   rebase    Reapply commits on top of another base tip\n   reset     Reset current HEAD to the specified state\n   switch    Switch branches\n   tag       Create, list, delete or verify a tag object signed with GPG\n\ncollaborate (see also: git help workflows)\n   fetch     Download objects and refs from another repository\n   pull      Fetch from and integrate with another repository or a local branch\n   push      Update remote refs along with associated objects\n\n'git help -a' and 'git help -g' list available subcommands and some\nconcept guides. See 'git help <command>' or 'git help <concept>'\nto read about a specific subcommand or concept.\nSee 'git help git' for an overview of the system.\n""
[0m20:37:23.223533 [debug] [MainThread]: STDERR: "b''"
[0m20:37:23.223784 [debug] [MainThread]: Sending event: {'category': 'dbt', 'action': 'invocation', 'label': 'end', 'context': [<snowplow_tracker.self_describing_json.SelfDescribingJson object at 0x7f47d4893dc0>, <snowplow_tracker.self_describing_json.SelfDescribingJson object at 0x7f47d2beee90>, <snowplow_tracker.self_describing_json.SelfDescribingJson object at 0x7f47d2beefb0>]}
[0m20:37:23.224006 [debug] [MainThread]: Flushing usage events


============================== 2023-09-15 20:37:35.963760 | 55a6b094-51bb-4617-8c43-ee61109906f5 ==============================
[0m20:37:35.963760 [info ] [MainThread]: Running with dbt=1.4.7
[0m20:37:35.965341 [debug] [MainThread]: running dbt with arguments {'write_json': True, 'use_colors': True, 'printer_width': 80, 'version_check': True, 'partial_parse': True, 'static_parser': True, 'profiles_dir': '/home/italo/.dbt', 'send_anonymous_usage_stats': True, 'quiet': False, 'no_print': False, 'cache_selected_only': False, 'skip_profile_setup': False, 'which': 'init', 'indirect_selection': 'eager'}
[0m20:37:35.965524 [debug] [MainThread]: Tracking: tracking
[0m20:37:35.966589 [debug] [MainThread]: Sending event: {'category': 'dbt', 'action': 'invocation', 'label': 'start', 'context': [<snowplow_tracker.self_describing_json.SelfDescribingJson object at 0x7f9e96a934f0>, <snowplow_tracker.self_describing_json.SelfDescribingJson object at 0x7f9e96a93cd0>, <snowplow_tracker.self_describing_json.SelfDescribingJson object at 0x7f9e96a936a0>]}
[0m20:37:43.353112 [debug] [MainThread]: Starter project path: /home/italo/hyland/venv/lib/python3.10/site-packages/dbt/include/starter_project
[0m20:38:46.858836 [info ] [MainThread]: Profile hyland written to /home/italo/.dbt/profiles.yml using target's profile_template.yml and your supplied values. Run 'dbt debug' to validate the connection.
[0m20:38:46.859468 [info ] [MainThread]: 
Your new dbt project "hyland" was created!

For more information on how to configure the profiles.yml file,
please consult the dbt documentation here:

  https://docs.getdbt.com/docs/configure-your-profile

One more thing:

Need help? Don't hesitate to reach out to us via GitHub issues or on Slack:

  https://community.getdbt.com/

Happy modeling!

[0m20:38:46.859879 [debug] [MainThread]: Sending event: {'category': 'dbt', 'action': 'invocation', 'label': 'end', 'context': [<snowplow_tracker.self_describing_json.SelfDescribingJson object at 0x7f9e953cd1e0>, <snowplow_tracker.self_describing_json.SelfDescribingJson object at 0x7f9e980ed1e0>, <snowplow_tracker.self_describing_json.SelfDescribingJson object at 0x7f9e94e46c20>]}
[0m20:38:46.860196 [debug] [MainThread]: Flushing usage events


============================== 2023-09-15 20:38:51.656431 | 265b59e8-eb41-451e-9e9b-64a9dcb5abf6 ==============================
[0m20:38:51.656431 [info ] [MainThread]: Running with dbt=1.4.7
[0m20:38:51.657592 [debug] [MainThread]: running dbt with arguments {'write_json': True, 'use_colors': True, 'printer_width': 80, 'version_check': True, 'partial_parse': True, 'static_parser': True, 'profiles_dir': '/home/italo/.dbt', 'send_anonymous_usage_stats': True, 'quiet': False, 'no_print': False, 'cache_selected_only': False, 'config_dir': False, 'which': 'debug', 'indirect_selection': 'eager'}
[0m20:38:51.657756 [debug] [MainThread]: Tracking: tracking
[0m20:38:51.658788 [debug] [MainThread]: Sending event: {'category': 'dbt', 'action': 'invocation', 'label': 'start', 'context': [<snowplow_tracker.self_describing_json.SelfDescribingJson object at 0x7f70559db460>, <snowplow_tracker.self_describing_json.SelfDescribingJson object at 0x7f70559dbd00>, <snowplow_tracker.self_describing_json.SelfDescribingJson object at 0x7f70559db610>]}
[0m20:38:51.699703 [info ] [MainThread]: Error importing adapter: No module named 'dbt.adapters.postgres'
[0m20:38:51.973041 [debug] [MainThread]: Executing "git --help"
[0m20:38:51.974424 [debug] [MainThread]: STDOUT: "b"usage: git [--version] [--help] [-C <path>] [-c <name>=<value>]\n           [--exec-path[=<path>]] [--html-path] [--man-path] [--info-path]\n           [-p | --paginate | -P | --no-pager] [--no-replace-objects] [--bare]\n           [--git-dir=<path>] [--work-tree=<path>] [--namespace=<name>]\n           [--super-prefix=<path>] [--config-env=<name>=<envvar>]\n           <command> [<args>]\n\nThese are common Git commands used in various situations:\n\nstart a working area (see also: git help tutorial)\n   clone     Clone a repository into a new directory\n   init      Create an empty Git repository or reinitialize an existing one\n\nwork on the current change (see also: git help everyday)\n   add       Add file contents to the index\n   mv        Move or rename a file, a directory, or a symlink\n   restore   Restore working tree files\n   rm        Remove files from the working tree and from the index\n\nexamine the history and state (see also: git help revisions)\n   bisect    Use binary search to find the commit that introduced a bug\n   diff      Show changes between commits, commit and working tree, etc\n   grep      Print lines matching a pattern\n   log       Show commit logs\n   show      Show various types of objects\n   status    Show the working tree status\n\ngrow, mark and tweak your common history\n   branch    List, create, or delete branches\n   commit    Record changes to the repository\n   merge     Join two or more development histories together\n   rebase    Reapply commits on top of another base tip\n   reset     Reset current HEAD to the specified state\n   switch    Switch branches\n   tag       Create, list, delete or verify a tag object signed with GPG\n\ncollaborate (see also: git help workflows)\n   fetch     Download objects and refs from another repository\n   pull      Fetch from and integrate with another repository or a local branch\n   push      Update remote refs along with associated objects\n\n'git help -a' and 'git help -g' list available subcommands and some\nconcept guides. See 'git help <command>' or 'git help <concept>'\nto read about a specific subcommand or concept.\nSee 'git help git' for an overview of the system.\n""
[0m20:38:51.974634 [debug] [MainThread]: STDERR: "b''"
[0m20:38:51.974894 [debug] [MainThread]: Sending event: {'category': 'dbt', 'action': 'invocation', 'label': 'end', 'context': [<snowplow_tracker.self_describing_json.SelfDescribingJson object at 0x7f70570d2f20>, <snowplow_tracker.self_describing_json.SelfDescribingJson object at 0x7f7053cff340>, <snowplow_tracker.self_describing_json.SelfDescribingJson object at 0x7f7053cff460>]}
[0m20:38:51.975115 [debug] [MainThread]: Flushing usage events
